<?xml version="1.0" encoding="UTF-8"?>
<!-- Generated by org.testng.reporters.JUnitXMLReporter -->
<testsuite ignored="0" hostname="LAPTOP-K3AJ6IF5" failures="0" tests="4" name="Surefire test" time="0.048" errors="0" timestamp="2025-01-26T20:53:11 MSK">
  <testcase classname="test.java.Lesson_14_testng.FactorialCalculatorTest" name="testFactorialOfNegativeNumber" time="0.006"/>
  <testcase classname="test.java.Lesson_14_testng.FactorialCalculatorTest" name="testFactorialOfOne" time="0.002"/>
  <testcase classname="test.java.Lesson_14_testng.FactorialCalculatorTest" name="testFactorialOfPositiveNumber" time="0.0"/>
  <testcase classname="test.java.Lesson_14_testng.FactorialCalculatorTest" name="testFactorialOfZero" time="0.0"/>
</testsuite> <!-- Surefire test -->
